Performing C SOURCE FILE Test CMAKE_HAVE_LIBC_PTHREAD failed with the following output:
Change Dir: /mnt/c/Users/madal/OneDrive/Рабочий стол/IVS/build/CMakeFiles/CMakeTmp

Run Build Command(s):/usr/bin/make cmTC_6eac3/fast && /usr/bin/make -f CMakeFiles/cmTC_6eac3.dir/build.make CMakeFiles/cmTC_6eac3.dir/build
make[1]: Entering directory '/mnt/c/Users/madal/OneDrive/Рабочий стол/IVS/build/CMakeFiles/CMakeTmp'
Building C object CMakeFiles/cmTC_6eac3.dir/src.c.o
/usr/bin/cc   -g -O0 -fprofile-arcs -ftest-coverage -DCMAKE_HAVE_LIBC_PTHREAD   -o CMakeFiles/cmTC_6eac3.dir/src.c.o   -c "/mnt/c/Users/madal/OneDrive/Рабочий стол/IVS/build/CMakeFiles/CMakeTmp/src.c"
Linking C executable cmTC_6eac3
/usr/bin/cmake -E cmake_link_script CMakeFiles/cmTC_6eac3.dir/link.txt --verbose=1
/usr/bin/cc  -g -O0 -fprofile-arcs -ftest-coverage -DCMAKE_HAVE_LIBC_PTHREAD    CMakeFiles/cmTC_6eac3.dir/src.c.o  -o cmTC_6eac3 
/usr/bin/ld: CMakeFiles/cmTC_6eac3.dir/src.c.o: in function `main':
/mnt/c/Users/madal/OneDrive/Рабочий стол/IVS/build/CMakeFiles/CMakeTmp/src.c:11: undefined reference to `pthread_create'
/usr/bin/ld: /mnt/c/Users/madal/OneDrive/Рабочий стол/IVS/build/CMakeFiles/CMakeTmp/src.c:12: undefined reference to `pthread_detach'
/usr/bin/ld: /mnt/c/Users/madal/OneDrive/Рабочий стол/IVS/build/CMakeFiles/CMakeTmp/src.c:13: undefined reference to `pthread_join'
collect2: error: ld returned 1 exit status
make[1]: *** [CMakeFiles/cmTC_6eac3.dir/build.make:87: cmTC_6eac3] Error 1
make[1]: Leaving directory '/mnt/c/Users/madal/OneDrive/Рабочий стол/IVS/build/CMakeFiles/CMakeTmp'
make: *** [Makefile:121: cmTC_6eac3/fast] Error 2


Source file was:
#include <pthread.h>

void* test_func(void* data)
{
  return data;
}

int main(void)
{
  pthread_t thread;
  pthread_create(&thread, NULL, test_func, NULL);
  pthread_detach(thread);
  pthread_join(thread, NULL);
  pthread_atfork(NULL, NULL, NULL);
  pthread_exit(NULL);

  return 0;
}

Determining if the function pthread_create exists in the pthreads failed with the following output:
Change Dir: /mnt/c/Users/madal/OneDrive/Рабочий стол/IVS/build/CMakeFiles/CMakeTmp

Run Build Command(s):/usr/bin/make cmTC_d9e18/fast && /usr/bin/make -f CMakeFiles/cmTC_d9e18.dir/build.make CMakeFiles/cmTC_d9e18.dir/build
make[1]: Entering directory '/mnt/c/Users/madal/OneDrive/Рабочий стол/IVS/build/CMakeFiles/CMakeTmp'
Building C object CMakeFiles/cmTC_d9e18.dir/CheckFunctionExists.c.o
/usr/bin/cc   -g -O0 -fprofile-arcs -ftest-coverage -DCHECK_FUNCTION_EXISTS=pthread_create   -o CMakeFiles/cmTC_d9e18.dir/CheckFunctionExists.c.o   -c /usr/share/cmake-3.16/Modules/CheckFunctionExists.c
Linking C executable cmTC_d9e18
/usr/bin/cmake -E cmake_link_script CMakeFiles/cmTC_d9e18.dir/link.txt --verbose=1
/usr/bin/cc  -g -O0 -fprofile-arcs -ftest-coverage -DCHECK_FUNCTION_EXISTS=pthread_create    CMakeFiles/cmTC_d9e18.dir/CheckFunctionExists.c.o  -o cmTC_d9e18  -lpthreads 
/usr/bin/ld: cannot find -lpthreads
collect2: error: ld returned 1 exit status
make[1]: *** [CMakeFiles/cmTC_d9e18.dir/build.make:87: cmTC_d9e18] Error 1
make[1]: Leaving directory '/mnt/c/Users/madal/OneDrive/Рабочий стол/IVS/build/CMakeFiles/CMakeTmp'
make: *** [Makefile:121: cmTC_d9e18/fast] Error 2



